Removed Pin From Net: NetName=5V Pin=R0-3
Removed Pin From Net: NetName=4.1V Pin=R1-3
Change Component Comment : Designator=D1 Old Comment=LED New Comment=LED_RED
Added Component: Designator=D2(LED_GREEN)
Add component. Clean all parameters for all variants
Added Component: Designator=D3(LED_GREEN)
Add component. Clean all parameters for all variants
Added Component: Designator=R2(RESISTOR)
Add component. Clean all parameters for all variants
Add component (AddParameter): Name = "R"; Value = "1kohms"; VariantName = "[No Variations]"
Added Component: Designator=R3(RESISTOR)
Add component. Clean all parameters for all variants
Add component (AddParameter): Name = "R"; Value = "1kohms"; VariantName = "[No Variations]"
Added Component: Designator=V2(PCBComponent_1)
Add component. Clean all parameters for all variants
Added Component: Designator=V3(PCBComponent_1)
Add component. Clean all parameters for all variants
Added Component: Designator=V4(PCBComponent_1)
Add component. Clean all parameters for all variants
Added Component: Designator=V5(PCBComponent_1)
Add component. Clean all parameters for all variants
Added Pin To Net: NetName=GND Pin=R2-1
Added Pin To Net: NetName=GND Pin=R3-1
Added Pin To Net: NetName=5V Pin=V2-1
Added Pin To Net: NetName=4.1V Pin=V4-1
Added Pin To Net: NetName=NetD2_A Pin=D2-A
Added Pin To Net: NetName=NetD2_A Pin=V3-2
Added Net: Name=NetD2_A
Added Pin To Net: NetName=NetD2_K Pin=D2-K
Added Pin To Net: NetName=NetD2_K Pin=R2-2
Added Net: Name=NetD2_K
Added Pin To Net: NetName=NetD3_A Pin=D3-A
Added Pin To Net: NetName=NetD3_A Pin=V5-2
Added Net: Name=NetD3_A
Added Pin To Net: NetName=NetD3_K Pin=D3-K
Added Pin To Net: NetName=NetD3_K Pin=R3-2
Added Net: Name=NetD3_K
Added Pin To Net: NetName=NetR0_3 Pin=R0-3
Added Pin To Net: NetName=NetR0_3 Pin=V2-2
Added Pin To Net: NetName=NetR0_3 Pin=V3-1
Added Net: Name=NetR0_3
Added Pin To Net: NetName=NetR1_3 Pin=R1-3
Added Pin To Net: NetName=NetR1_3 Pin=V4-2
Added Pin To Net: NetName=NetR1_3 Pin=V5-1
Added Net: Name=NetR1_3
Added Member To Class: ClassName=Sheet1 Member=Component D1 LED_RED
Added Member To Class: ClassName=Sheet1 Member=Component D2 LED_GREEN
Added Member To Class: ClassName=Sheet1 Member=Component D3 LED_GREEN
Added Member To Class: ClassName=Sheet1 Member=Component R2 resistor
Added Member To Class: ClassName=Sheet1 Member=Component R3 resistor
Added Member To Class: ClassName=Sheet1 Member=Component V2 conector 2
Added Member To Class: ClassName=Sheet1 Member=Component V3 conector 2
Added Member To Class: ClassName=Sheet1 Member=Component V4 conector 2
Added Member To Class: ClassName=Sheet1 Member=Component V5 conector 2
